<?xml version="1.0" encoding="UTF-8"?>
<!-- Generated by org.testng.reporters.JUnitReportReporter -->
<testsuite skipped="0" hostname="User-PC" name="regression.Test1" tests="3" failures="0" timestamp="27 Mar 2021 03:55:34 GMT" time="0.017" errors="0">
  <testcase name="validatelogin" time="0.010" classname="regression.Test1"/>
  <testcase name="validatepagetitle" time="0.002" classname="regression.Test1"/>
  <testcase name="searchforaproduct" time="0.005" classname="regression.Test1"/>
</testsuite> <!-- regression.Test1 -->
