<?xml version="1.0" encoding="UTF-8"?>
<!-- Generated by org.testng.reporters.JUnitReportReporter -->
<testsuite skipped="0" hostname="User-PC" name="testngtestcases.Test2" tests="1" failures="0" timestamp="27 Mar 2021 02:58:48 GMT" time="0.005" errors="0">
  <testcase name="verifyPagetitle" time="0.005" classname="testngtestcases.Test2"/>
</testsuite> <!-- testngtestcases.Test2 -->
