<?xml version="1.0" encoding="UTF-8"?>
<!-- Generated by org.testng.reporters.JUnitReportReporter -->
<testsuite skipped="0" hostname="User-PC" name="regression.Test2" tests="1" failures="0" timestamp="27 Mar 2021 03:55:34 GMT" time="0.004" errors="0">
  <testcase name="verifyPagetitle" time="0.004" classname="regression.Test2"/>
</testsuite> <!-- regression.Test2 -->
