<?xml version="1.0" encoding="UTF-8"?>
<!-- Generated by org.testng.reporters.JUnitReportReporter -->
<testsuite skipped="0" hostname="User-PC" name="testngtestcases.Test3" tests="1" failures="0" timestamp="27 Mar 2021 03:01:55 GMT" time="0.001" errors="0">
  <testcase name="addDeliveryAddress" time="0.001" classname="testngtestcases.Test3"/>
</testsuite> <!-- testngtestcases.Test3 -->
