<?xml version="1.0" encoding="UTF-8"?>
<!-- Generated by org.testng.reporters.JUnitReportReporter -->
<testsuite skipped="0" hostname="User-PC" name="functional.Test2" tests="1" failures="0" timestamp="27 Mar 2021 02:26:07 GMT" time="0.006" errors="0">
  <testcase name="verifyPagetitle" time="0.006" classname="functional.Test2"/>
</testsuite> <!-- functional.Test2 -->
