<?xml version="1.0" encoding="UTF-8"?>
<!-- Generated by org.testng.reporters.JUnitReportReporter -->
<testsuite skipped="0" hostname="User-PC" name="testngtestcases.Test1" tests="2" failures="0" timestamp="27 Mar 2021 03:01:56 GMT" time="0.021" errors="0">
  <testcase name="validatelogin" time="0.017" classname="testngtestcases.Test1"/>
  <testcase name="validatepagetitle" time="0.004" classname="testngtestcases.Test1"/>
</testsuite> <!-- testngtestcases.Test1 -->
